<?xml version="1.0" encoding="UTF-8"?>
<!-- Generated by org.testng.reporters.JUnitReportReporter -->
<testsuite skipped="0" hostname="NODLTP52066174" name="Employeetestcasepackage.TC001_GetAllDataEmployee" tests="9" failures="1" timestamp="2020-10-07T13:23:30 IST" time="0.015" errors="0">
  <testcase name="checkcontentEncoding" time="0.002" classname="Employeetestcasepackage.TC001_GetAllDataEmployee"/>
  <system-out/>
  <testcase name="checkResponseTime" time="0.002" classname="Employeetestcasepackage.TC001_GetAllDataEmployee"/>
  <system-out/>
  <testcase name="checkCookies" time="0.001" classname="Employeetestcasepackage.TC001_GetAllDataEmployee"/>
  <system-out/>
  <testcase name="checkResposeBody" time="0.003" classname="Employeetestcasepackage.TC001_GetAllDataEmployee"/>
  <system-out/>
  <testcase name="checkContentLenght" time="0.001" classname="Employeetestcasepackage.TC001_GetAllDataEmployee"/>
  <system-out/>
  <testcase name="checkstatusLine" time="0.001" classname="Employeetestcasepackage.TC001_GetAllDataEmployee"/>
  <system-out/>
  <testcase name="checkStatusCode" time="0.001" classname="Employeetestcasepackage.TC001_GetAllDataEmployee"/>
  <system-out/>
  <testcase name="checkContentType" time="0.002" classname="Employeetestcasepackage.TC001_GetAllDataEmployee"/>
  <system-out/>
  <testcase name="checkserverType" time="0.002" classname="Employeetestcasepackage.TC001_GetAllDataEmployee">
    <failure type="java.lang.AssertionError" message="expected [nginx/1.14.1] but found [nginx/1.16.0]">
      <![CDATA[java.lang.AssertionError: expected [nginx/1.14.1] but found [nginx/1.16.0]
at org.testng.Assert.fail(Assert.java:97)
at org.testng.Assert.assertEqualsImpl(Assert.java:136)
at org.testng.Assert.assertEquals(Assert.java:118)
at org.testng.Assert.assertEquals(Assert.java:575)
at org.testng.Assert.assertEquals(Assert.java:585)
at Employeetestcasepackage.TC001_GetAllDataEmployee.checkserverType(TC001_GetAllDataEmployee.java:96)
at sun.reflect.NativeMethodAccessorImpl.invoke0(Native Method)
at sun.reflect.NativeMethodAccessorImpl.invoke(Unknown Source)
at sun.reflect.DelegatingMethodAccessorImpl.invoke(Unknown Source)
at java.lang.reflect.Method.invoke(Unknown Source)
at org.testng.internal.MethodInvocationHelper.invokeMethod(MethodInvocationHelper.java:134)
at org.testng.internal.TestInvoker.invokeMethod(TestInvoker.java:597)
at org.testng.internal.TestInvoker.invokeTestMethod(TestInvoker.java:173)
at org.testng.internal.MethodRunner.runInSequence(MethodRunner.java:46)
at org.testng.internal.TestInvoker$MethodInvocationAgent.invoke(TestInvoker.java:816)
at org.testng.internal.TestInvoker.invokeTestMethods(TestInvoker.java:146)
at org.testng.internal.TestMethodWorker.invokeTestMethods(TestMethodWorker.java:146)
at org.testng.internal.TestMethodWorker.run(TestMethodWorker.java:128)
at java.util.ArrayList.forEach(Unknown Source)
at org.testng.TestRunner.privateRun(TestRunner.java:766)
at org.testng.TestRunner.run(TestRunner.java:587)
at org.testng.SuiteRunner.runTest(SuiteRunner.java:384)
at org.testng.SuiteRunner.runSequentially(SuiteRunner.java:378)
at org.testng.SuiteRunner.privateRun(SuiteRunner.java:337)
at org.testng.SuiteRunner.run(SuiteRunner.java:286)
at org.testng.SuiteRunnerWorker.runSuite(SuiteRunnerWorker.java:53)
at org.testng.SuiteRunnerWorker.run(SuiteRunnerWorker.java:96)
at org.testng.TestNG.runSuitesSequentially(TestNG.java:1187)
at org.testng.TestNG.runSuitesLocally(TestNG.java:1109)
at org.testng.TestNG.runSuites(TestNG.java:1039)
at org.testng.TestNG.run(TestNG.java:1007)
at org.testng.remote.AbstractRemoteTestNG.run(AbstractRemoteTestNG.java:115)
at org.testng.remote.RemoteTestNG.initAndRun(RemoteTestNG.java:251)
at org.testng.remote.RemoteTestNG.main(RemoteTestNG.java:77)
]]>
    </failure>
  </testcase> <!-- checkserverType -->
  <system-out/>
</testsuite> <!-- Employeetestcasepackage.TC001_GetAllDataEmployee -->
